<?xml version="1.0" encoding="UTF-8"?>
<!-- Generated by org.testng.reporters.JUnitReportReporter -->
<testsuite hostname="PRASHANTH" failures="0" tests="2" name="com.actitime.testscript.Customer" time="39.229" errors="0" timestamp="2023-05-27T21:38:13 IST" skipped="0">
  <testcase classname="com.actitime.testscript.Customer" name="customer" time="9.473"/>
  <system-out>
    <![CDATA[create]]>
  </system-out>
  <testcase classname="com.actitime.testscript.Customer" name="customer" time="29.756"/>
  <system-out>
    <![CDATA[create]]>
  </system-out>
</testsuite> <!-- com.actitime.testscript.Customer -->
