<?xml version="1.0" encoding="UTF-8"?>
<!-- Generated by org.testng.reporters.JUnitReportReporter -->
<testsuite hostname="PRASHANTH" failures="0" tests="1" name="com.actitime.testscript.ActitimeLogin" time="11.463" errors="0" timestamp="2023-05-23T13:47:35 IST" skipped="0">
  <testcase classname="com.actitime.testscript.ActitimeLogin" name="login" time="11.463"/>
  <system-out/>
</testsuite> <!-- com.actitime.testscript.ActitimeLogin -->
